Arguments: 
  C:\Program Files\nodejs\node.exe C:\Users\cliente\AppData\Roaming\npm\node_modules\yarn\bin\yarn.js install

PATH: 
  C:\Python27\;C:\Python27\Scripts;C:\Program Files (x86)\Common Files\Oracle\Java\javapath;C:\Windows\system32;C:\Windows;C:\Windows\System32\Wbem;C:\Windows\System32\WindowsPowerShell\v1.0\;C:\Users\cliente\AppData\Local\Android\android-sdk\platform-tools;C:\Users\cliente\AppData\Local\Android\android-sdk\platforms;C:\Users\cliente\AppData\Local\Flutter\SDK\bin;C:\Program Files\Dart\dart-sdk\bin;C:\ProgramData\chocolatey\bin;C:\Program Files\Java\jdk1.8.0_181\bin;C:\PROGRA~2\Griaule\FINGER~1\bin;C:\Program Files\Git\cmd;C:\Program Files\nodejs\;C:\Users\cliente\AppData\Local\Programs\Microsoft VS Code\bin;C:\Users\cliente\AppData\Roaming\npm

Yarn version: 
  1.22.4

Node version: 
  12.16.1

Platform: 
  win32 x64

Trace: 
  Error: https://registry.yarnpkg.com/core-js/-/core-js-2.6.12.tgz: ESOCKETTIMEDOUT
      at ClientRequest.<anonymous> (C:\Users\cliente\AppData\Roaming\npm\node_modules\yarn\lib\cli.js:141375:19)
      at Object.onceWrapper (events.js:417:28)
      at ClientRequest.emit (events.js:311:20)
      at TLSSocket.emitRequestTimeout (_http_client.js:714:9)
      at Object.onceWrapper (events.js:417:28)
      at TLSSocket.emit (events.js:311:20)
      at TLSSocket.Socket._onTimeout (net.js:478:8)
      at listOnTimeout (internal/timers.js:549:17)
      at processTimers (internal/timers.js:492:7)

npm manifest: 
  {
    "main": "node_modules/expo/AppEntry.js",
    "scripts": {
      "start": "expo start",
      "android": "expo start --android",
      "ios": "expo start --ios",
      "web": "expo start --web",
      "eject": "expo eject"
    },
    "dependencies": {
      "expo": "~39.0.2",
      "expo-status-bar": "~1.0.2",
      "react": "16.13.1",
      "react-dom": "16.13.1",
      "react-native": "https://github.com/expo/react-native/archive/sdk-39.0.4.tar.gz",
      "react-native-web": "~0.13.12"
    },
    "devDependencies": {
      "@babel/core": "~7.9.0"
    },
    "private": true
  }

yarn manifest: 
  No manifest

Lockfile: 
  No lockfile
